** Daemonized, any open files are closed.  Look at log/mongrel.pid and log/mongrel.log for info.
** Starting Mongrel listening at 0.0.0.0:12002
** Starting Rails with production environment...
NOTE: Gem.source_index is deprecated, use Specification. It will be removed on or after 2011-11-01.
Gem.source_index called from /usr/lib/ruby/gems/1.8/gems/rails-2.3.18/lib/rails/gem_dependency.rb:21.
NOTE: Gem::SourceIndex#initialize is deprecated with no replacement. It will be removed on or after 2011-11-01.
Gem::SourceIndex#initialize called from /usr/lib/ruby/gems/1.8/gems/rails-2.3.18/lib/rails/vendor_gem_source_index.rb:100.
/usr/lib/ruby/site_ruby/1.8/rubygems/custom_require.rb:36:in `gem_original_require': no such file to load -- RMagick (MissingSourceFile)
	from /usr/lib/ruby/site_ruby/1.8/rubygems/custom_require.rb:36:in `require'
	from /usr/lib/ruby/gems/1.8/gems/activesupport-2.3.18/lib/active_support/dependencies.rb:184:in `require'
	from /home/blacknut/rails_apps/studio/app/controllers/admin/application.rb:7
	from /usr/lib/ruby/site_ruby/1.8/rubygems/custom_require.rb:36:in `gem_original_require'
	from /usr/lib/ruby/site_ruby/1.8/rubygems/custom_require.rb:36:in `require'
	from /usr/lib/ruby/gems/1.8/gems/activesupport-2.3.18/lib/active_support/dependencies.rb:184:in `require'
	from /usr/lib/ruby/gems/1.8/gems/activesupport-2.3.18/lib/active_support/dependencies.rb:291:in `require_or_load'
	from /usr/lib/ruby/gems/1.8/gems/activesupport-2.3.18/lib/active_support/dependencies.rb:250:in `depend_on'
	from /usr/lib/ruby/gems/1.8/gems/activesupport-2.3.18/lib/active_support/dependencies.rb:162:in `require_dependency'
	from /usr/lib/ruby/gems/1.8/gems/rails-2.3.18/lib/initializer.rb:414:in `load_application_classes'
	from /usr/lib/ruby/gems/1.8/gems/rails-2.3.18/lib/initializer.rb:413:in `each'
	from /usr/lib/ruby/gems/1.8/gems/rails-2.3.18/lib/initializer.rb:413:in `load_application_classes'
	from /usr/lib/ruby/gems/1.8/gems/rails-2.3.18/lib/initializer.rb:411:in `each'
	from /usr/lib/ruby/gems/1.8/gems/rails-2.3.18/lib/initializer.rb:411:in `load_application_classes'
	from /usr/lib/ruby/gems/1.8/gems/rails-2.3.18/lib/initializer.rb:197:in `process'
	from /usr/lib/ruby/gems/1.8/gems/rails-2.3.18/lib/initializer.rb:113:in `send'
	from /usr/lib/ruby/gems/1.8/gems/rails-2.3.18/lib/initializer.rb:113:in `run'
	from /home/blacknut/rails_apps/studio/config/environment.rb:9
	from /usr/lib/ruby/site_ruby/1.8/rubygems/custom_require.rb:36:in `gem_original_require'
	from /usr/lib/ruby/site_ruby/1.8/rubygems/custom_require.rb:36:in `require'
	from /usr/lib/ruby/gems/1.8/gems/mongrel-1.1.5/bin/../lib/mongrel/rails.rb:147:in `rails'
	from /usr/lib/ruby/gems/1.8/gems/mongrel-1.1.5/bin/mongrel_rails:113:in `cloaker_'
	from /usr/lib/ruby/gems/1.8/gems/mongrel-1.1.5/bin/../lib/mongrel/configurator.rb:149:in `call'
	from /usr/lib/ruby/gems/1.8/gems/mongrel-1.1.5/bin/../lib/mongrel/configurator.rb:149:in `listener'
	from /usr/lib/ruby/gems/1.8/gems/mongrel-1.1.5/bin/mongrel_rails:99:in `cloaker_'
	from /usr/lib/ruby/gems/1.8/gems/mongrel-1.1.5/bin/../lib/mongrel/configurator.rb:50:in `call'
	from /usr/lib/ruby/gems/1.8/gems/mongrel-1.1.5/bin/../lib/mongrel/configurator.rb:50:in `initialize'
	from /usr/lib/ruby/gems/1.8/gems/mongrel-1.1.5/bin/mongrel_rails:84:in `new'
	from /usr/lib/ruby/gems/1.8/gems/mongrel-1.1.5/bin/mongrel_rails:84:in `run'
	from /usr/lib/ruby/gems/1.8/gems/mongrel-1.1.5/bin/../lib/mongrel/command.rb:212:in `run'
	from /usr/lib/ruby/gems/1.8/gems/mongrel-1.1.5/bin/mongrel_rails:281
	from /usr/bin/mongrel_rails:23:in `load'
	from /usr/bin/mongrel_rails:23
** Daemonized, any open files are closed.  Look at log/mongrel.pid and log/mongrel.log for info.
** Starting Mongrel listening at 0.0.0.0:12002
** Starting Rails with development environment...
NOTE: Gem.source_index is deprecated, use Specification. It will be removed on or after 2011-11-01.
Gem.source_index called from /usr/lib/ruby/gems/1.8/gems/rails-2.3.18/lib/rails/gem_dependency.rb:21.
NOTE: Gem::SourceIndex#initialize is deprecated with no replacement. It will be removed on or after 2011-11-01.
Gem::SourceIndex#initialize called from /usr/lib/ruby/gems/1.8/gems/rails-2.3.18/lib/rails/vendor_gem_source_index.rb:100.
** Rails loaded.
** Loading any Rails specific GemPlugins
NOTE: Gem::SourceIndex.from_installed_gems is deprecated with no replacement. It will be removed on or after 2011-10-01.
Gem::SourceIndex.from_installed_gems called from /usr/lib/ruby/gems/1.8/gems/gem_plugin-0.2.3/lib/gem_plugin.rb:109.
NOTE: from_installed_gems(arg) is deprecated. From /usr/lib/ruby/site_ruby/1.8/rubygems/deprecate.rb:63:in `send'
NOTE: Gem::SourceIndex.from_gems_in is deprecated with no replacement. It will be removed on or after 2011-10-01.
Gem::SourceIndex.from_gems_in called from /usr/lib/ruby/site_ruby/1.8/rubygems/source_index.rb:50.
NOTE: Gem::SourceIndex#initialize is deprecated with no replacement. It will be removed on or after 2011-11-01.
Gem::SourceIndex#initialize called from /usr/lib/ruby/site_ruby/1.8/rubygems/source_index.rb:67.
NOTE: Gem::SourceIndex#spec_dirs= is deprecated, use Specification.dirs=. It will be removed on or after 2011-11-01.
Gem::SourceIndex#spec_dirs= called from /usr/lib/ruby/site_ruby/1.8/rubygems/source_index.rb:94.
NOTE: Gem::SourceIndex#refresh! is deprecated with no replacement. It will be removed on or after 2011-11-01.
Gem::SourceIndex#refresh! called from /usr/lib/ruby/site_ruby/1.8/rubygems/source_index.rb:95.
NOTE: Gem::SourceIndex#load_gems_in is deprecated with no replacement. It will be removed on or after 2011-11-01.
Gem::SourceIndex#load_gems_in called from /usr/lib/ruby/site_ruby/1.8/rubygems/source_index.rb:322.
NOTE: Gem::SourceIndex#add_spec is deprecated, use Specification.add_spec. It will be removed on or after 2011-11-01.
Gem::SourceIndex#add_spec called from /usr/lib/ruby/site_ruby/1.8/rubygems/source_index.rb:127.
NOTE: Gem::SourceIndex#add_spec is deprecated, use Specification.add_spec. It will be removed on or after 2011-11-01.
Gem::SourceIndex#add_spec called from /usr/lib/ruby/site_ruby/1.8/rubygems/source_index.rb:127.
NOTE: Gem::SourceIndex#add_spec is deprecated, use Specification.add_spec. It will be removed on or after 2011-11-01.
Gem::SourceIndex#add_spec called from /usr/lib/ruby/site_ruby/1.8/rubygems/source_index.rb:127.
NOTE: Gem::SourceIndex#add_spec is deprecated, use Specification.add_spec. It will be removed on or after 2011-11-01.
Gem::SourceIndex#add_spec called from /usr/lib/ruby/site_ruby/1.8/rubygems/source_index.rb:127.
NOTE: Gem::SourceIndex#add_spec is deprecated, use Specification.add_spec. It will be removed on or after 2011-11-01.
Gem::SourceIndex#add_spec called from /usr/lib/ruby/site_ruby/1.8/rubygems/source_index.rb:127.
NOTE: Gem::SourceIndex#add_spec is deprecated, use Specification.add_spec. It will be removed on or after 2011-11-01.
Gem::SourceIndex#add_spec called from /usr/lib/ruby/site_ruby/1.8/rubygems/source_index.rb:127.
NOTE: Gem::SourceIndex#add_spec is deprecated, use Specification.add_spec. It will be removed on or after 2011-11-01.
Gem::SourceIndex#add_spec called from /usr/lib/ruby/site_ruby/1.8/rubygems/source_index.rb:127.
NOTE: Gem::SourceIndex#add_spec is deprecated, use Specification.add_spec. It will be removed on or after 2011-11-01.
Gem::SourceIndex#add_spec called from /usr/lib/ruby/site_ruby/1.8/rubygems/source_index.rb:127.
NOTE: Gem::SourceIndex#add_spec is deprecated, use Specification.add_spec. It will be removed on or after 2011-11-01.
Gem::SourceIndex#add_spec called from /usr/lib/ruby/site_ruby/1.8/rubygems/source_index.rb:127.
NOTE: Gem::SourceIndex#add_spec is deprecated, use Specification.add_spec. It will be removed on or after 2011-11-01.
Gem::SourceIndex#add_spec called from /usr/lib/ruby/site_ruby/1.8/rubygems/source_index.rb:127.
NOTE: Gem::SourceIndex#add_spec is deprecated, use Specification.add_spec. It will be removed on or after 2011-11-01.
Gem::SourceIndex#add_spec called from /usr/lib/ruby/site_ruby/1.8/rubygems/source_index.rb:127.
NOTE: Gem::SourceIndex#add_spec is deprecated, use Specification.add_spec. It will be removed on or after 2011-11-01.
Gem::SourceIndex#add_spec called from /usr/lib/ruby/site_ruby/1.8/rubygems/source_index.rb:127.
NOTE: Gem::SourceIndex#add_spec is deprecated, use Specification.add_spec. It will be removed on or after 2011-11-01.
Gem::SourceIndex#add_spec called from /usr/lib/ruby/site_ruby/1.8/rubygems/source_index.rb:127.
NOTE: Gem::SourceIndex#add_spec is deprecated, use Specification.add_spec. It will be removed on or after 2011-11-01.
Gem::SourceIndex#add_spec called from /usr/lib/ruby/site_ruby/1.8/rubygems/source_index.rb:127.
NOTE: Gem::SourceIndex#add_spec is deprecated, use Specification.add_spec. It will be removed on or after 2011-11-01.
Gem::SourceIndex#add_spec called from /usr/lib/ruby/site_ruby/1.8/rubygems/source_index.rb:127.
NOTE: Gem::SourceIndex#add_spec is deprecated, use Specification.add_spec. It will be removed on or after 2011-11-01.
Gem::SourceIndex#add_spec called from /usr/lib/ruby/site_ruby/1.8/rubygems/source_index.rb:127.
NOTE: Gem::SourceIndex#add_spec is deprecated, use Specification.add_spec. It will be removed on or after 2011-11-01.
Gem::SourceIndex#add_spec called from /usr/lib/ruby/site_ruby/1.8/rubygems/source_index.rb:127.
NOTE: Gem::SourceIndex#add_spec is deprecated, use Specification.add_spec. It will be removed on or after 2011-11-01.
Gem::SourceIndex#add_spec called from /usr/lib/ruby/site_ruby/1.8/rubygems/source_index.rb:127.
NOTE: Gem::SourceIndex#add_spec is deprecated, use Specification.add_spec. It will be removed on or after 2011-11-01.
Gem::SourceIndex#add_spec called from /usr/lib/ruby/site_ruby/1.8/rubygems/source_index.rb:127.
NOTE: Gem::SourceIndex#add_spec is deprecated, use Specification.add_spec. It will be removed on or after 2011-11-01.
Gem::SourceIndex#add_spec called from /usr/lib/ruby/site_ruby/1.8/rubygems/source_index.rb:127.
NOTE: Gem::SourceIndex#add_spec is deprecated, use Specification.add_spec. It will be removed on or after 2011-11-01.
Gem::SourceIndex#add_spec called from /usr/lib/ruby/site_ruby/1.8/rubygems/source_index.rb:127.
NOTE: Gem::SourceIndex#add_spec is deprecated, use Specification.add_spec. It will be removed on or after 2011-11-01.
Gem::SourceIndex#add_spec called from /usr/lib/ruby/site_ruby/1.8/rubygems/source_index.rb:127.
NOTE: Gem::SourceIndex#add_spec is deprecated, use Specification.add_spec. It will be removed on or after 2011-11-01.
Gem::SourceIndex#add_spec called from /usr/lib/ruby/site_ruby/1.8/rubygems/source_index.rb:127.
NOTE: Gem::SourceIndex#add_spec is deprecated, use Specification.add_spec. It will be removed on or after 2011-11-01.
Gem::SourceIndex#add_spec called from /usr/lib/ruby/site_ruby/1.8/rubygems/source_index.rb:127.
NOTE: Gem::SourceIndex#add_spec is deprecated, use Specification.add_spec. It will be removed on or after 2011-11-01.
Gem::SourceIndex#add_spec called from /usr/lib/ruby/site_ruby/1.8/rubygems/source_index.rb:127.
NOTE: Gem::SourceIndex#add_spec is deprecated, use Specification.add_spec. It will be removed on or after 2011-11-01.
Gem::SourceIndex#add_spec called from /usr/lib/ruby/site_ruby/1.8/rubygems/source_index.rb:127.
NOTE: Gem::SourceIndex#add_spec is deprecated, use Specification.add_spec. It will be removed on or after 2011-11-01.
Gem::SourceIndex#add_spec called from /usr/lib/ruby/site_ruby/1.8/rubygems/source_index.rb:127.
NOTE: Gem::SourceIndex#add_spec is deprecated, use Specification.add_spec. It will be removed on or after 2011-11-01.
Gem::SourceIndex#add_spec called from /usr/lib/ruby/site_ruby/1.8/rubygems/source_index.rb:127.
NOTE: Gem::SourceIndex#add_spec is deprecated, use Specification.add_spec. It will be removed on or after 2011-11-01.
Gem::SourceIndex#add_spec called from /usr/lib/ruby/site_ruby/1.8/rubygems/source_index.rb:127.
NOTE: Gem::SourceIndex#add_spec is deprecated, use Specification.add_spec. It will be removed on or after 2011-11-01.
Gem::SourceIndex#add_spec called from /usr/lib/ruby/site_ruby/1.8/rubygems/source_index.rb:127.
NOTE: Gem::SourceIndex#add_spec is deprecated, use Specification.add_spec. It will be removed on or after 2011-11-01.
Gem::SourceIndex#add_spec called from /usr/lib/ruby/site_ruby/1.8/rubygems/source_index.rb:127.
NOTE: Gem::SourceIndex#add_spec is deprecated, use Specification.add_spec. It will be removed on or after 2011-11-01.
Gem::SourceIndex#add_spec called from /usr/lib/ruby/site_ruby/1.8/rubygems/source_index.rb:127.
NOTE: Gem::SourceIndex#add_spec is deprecated, use Specification.add_spec. It will be removed on or after 2011-11-01.
Gem::SourceIndex#add_spec called from /usr/lib/ruby/site_ruby/1.8/rubygems/source_index.rb:127.
NOTE: Gem::SourceIndex#add_spec is deprecated, use Specification.add_spec. It will be removed on or after 2011-11-01.
Gem::SourceIndex#add_spec called from /usr/lib/ruby/site_ruby/1.8/rubygems/source_index.rb:127.
NOTE: Gem::SourceIndex#add_spec is deprecated, use Specification.add_spec. It will be removed on or after 2011-11-01.
Gem::SourceIndex#add_spec called from /usr/lib/ruby/site_ruby/1.8/rubygems/source_index.rb:127.
NOTE: Gem::SourceIndex#add_spec is deprecated, use Specification.add_spec. It will be removed on or after 2011-11-01.
Gem::SourceIndex#add_spec called from /usr/lib/ruby/site_ruby/1.8/rubygems/source_index.rb:127.
NOTE: Gem::SourceIndex#add_spec is deprecated, use Specification.add_spec. It will be removed on or after 2011-11-01.
Gem::SourceIndex#add_spec called from /usr/lib/ruby/site_ruby/1.8/rubygems/source_index.rb:127.
NOTE: Gem::SourceIndex#add_spec is deprecated, use Specification.add_spec. It will be removed on or after 2011-11-01.
Gem::SourceIndex#add_spec called from /usr/lib/ruby/site_ruby/1.8/rubygems/source_index.rb:127.
NOTE: Gem::SourceIndex#add_spec is deprecated, use Specification.add_spec. It will be removed on or after 2011-11-01.
Gem::SourceIndex#add_spec called from /usr/lib/ruby/site_ruby/1.8/rubygems/source_index.rb:127.
NOTE: Gem::SourceIndex#add_spec is deprecated, use Specification.add_spec. It will be removed on or after 2011-11-01.
Gem::SourceIndex#add_spec called from /usr/lib/ruby/site_ruby/1.8/rubygems/source_index.rb:127.
NOTE: Gem::SourceIndex#add_spec is deprecated, use Specification.add_spec. It will be removed on or after 2011-11-01.
Gem::SourceIndex#add_spec called from /usr/lib/ruby/site_ruby/1.8/rubygems/source_index.rb:127.
NOTE: Gem::SourceIndex#add_spec is deprecated, use Specification.add_spec. It will be removed on or after 2011-11-01.
Gem::SourceIndex#add_spec called from /usr/lib/ruby/site_ruby/1.8/rubygems/source_index.rb:127.
NOTE: Gem::SourceIndex#add_spec is deprecated, use Specification.add_spec. It will be removed on or after 2011-11-01.
Gem::SourceIndex#add_spec called from /usr/lib/ruby/site_ruby/1.8/rubygems/source_index.rb:127.
NOTE: Gem::SourceIndex#add_spec is deprecated, use Specification.add_spec. It will be removed on or after 2011-11-01.
Gem::SourceIndex#add_spec called from /usr/lib/ruby/site_ruby/1.8/rubygems/source_index.rb:127.
NOTE: Gem::SourceIndex#add_spec is deprecated, use Specification.add_spec. It will be removed on or after 2011-11-01.
Gem::SourceIndex#add_spec called from /usr/lib/ruby/site_ruby/1.8/rubygems/source_index.rb:127.
NOTE: Gem::SourceIndex#add_spec is deprecated, use Specification.add_spec. It will be removed on or after 2011-11-01.
Gem::SourceIndex#add_spec called from /usr/lib/ruby/site_ruby/1.8/rubygems/source_index.rb:127.
NOTE: Gem::SourceIndex#add_spec is deprecated, use Specification.add_spec. It will be removed on or after 2011-11-01.
Gem::SourceIndex#add_spec called from /usr/lib/ruby/site_ruby/1.8/rubygems/source_index.rb:127.
NOTE: Gem::SourceIndex#add_spec is deprecated, use Specification.add_spec. It will be removed on or after 2011-11-01.
Gem::SourceIndex#add_spec called from /usr/lib/ruby/site_ruby/1.8/rubygems/source_index.rb:127.
NOTE: Gem::SourceIndex#add_spec is deprecated, use Specification.add_spec. It will be removed on or after 2011-11-01.
Gem::SourceIndex#add_spec called from /usr/lib/ruby/site_ruby/1.8/rubygems/source_index.rb:127.
NOTE: Gem::SourceIndex#add_spec is deprecated, use Specification.add_spec. It will be removed on or after 2011-11-01.
Gem::SourceIndex#add_spec called from /usr/lib/ruby/site_ruby/1.8/rubygems/source_index.rb:127.
NOTE: Gem::SourceIndex#each is deprecated with no replacement. It will be removed on or after 2011-11-01.
Gem::SourceIndex#each called from /usr/lib/ruby/gems/1.8/gems/gem_plugin-0.2.3/lib/gem_plugin.rb:112.
** Signals ready.  TERM => stop.  USR2 => restart.  INT => stop (no restart).
** Rails signals registered.  HUP => reload (without restart).  It might not work well.
** Mongrel 1.1.5 available at 0.0.0.0:12002
** Writing PID file to log/mongrel.pid
!!! The bundled mysql.rb driver has been removed from Rails 2.2. Please install the mysql gem and try again: gem install mysql.
** Daemonized, any open files are closed.  Look at log/mongrel.pid and log/mongrel.log for info.
** Starting Mongrel listening at 0.0.0.0:12002
** Starting Rails with development environment...
** Rails loaded.
** Loading any Rails specific GemPlugins
** Signals ready.  TERM => stop.  USR2 => restart.  INT => stop (no restart).
** Rails signals registered.  HUP => reload (without restart).  It might not work well.
** Mongrel 1.1.5 available at 0.0.0.0:12002
** Writing PID file to log/mongrel.pid
